<?xml version="1.0" encoding="UTF-8"?>
<testng-results skipped="0" failed="0" total="2" passed="2">
  <reporter-output>
  </reporter-output>
  <suite name="Suite" duration-ms="21041" started-at="2021-06-16T06:00:25Z" finished-at="2021-06-16T06:00:46Z">
    <groups>
    </groups>
    <test name="Test" duration-ms="21041" started-at="2021-06-16T06:00:25Z" finished-at="2021-06-16T06:00:46Z">
      <class name="tests.FacebookHomePageTest">
        <test-method status="PASS" signature="beforeSuite()[pri:0, instance:tests.FacebookHomePageTest@675d3402]" name="beforeSuite" is-config="true" duration-ms="39" started-at="2021-06-16T11:30:25Z" finished-at="2021-06-16T11:30:25Z">
          <reporter-output>
          </reporter-output>
        </test-method> <!-- beforeSuite -->
        <test-method status="PASS" signature="beforeTest()[pri:0, instance:tests.FacebookHomePageTest@675d3402]" name="beforeTest" is-config="true" duration-ms="1" started-at="2021-06-16T11:30:25Z" finished-at="2021-06-16T11:30:25Z">
          <reporter-output>
          </reporter-output>
        </test-method> <!-- beforeTest -->
        <test-method status="PASS" signature="beforeClass()[pri:0, instance:tests.FacebookHomePageTest@675d3402]" name="beforeClass" is-config="true" duration-ms="0" started-at="2021-06-16T11:30:25Z" finished-at="2021-06-16T11:30:25Z">
          <reporter-output>
          </reporter-output>
        </test-method> <!-- beforeClass -->
        <test-method status="PASS" signature="setUp()[pri:0, instance:tests.FacebookHomePageTest@675d3402]" name="setUp" is-config="true" duration-ms="1" started-at="2021-06-16T11:30:25Z" finished-at="2021-06-16T11:30:25Z">
          <reporter-output>
          </reporter-output>
        </test-method> <!-- setUp -->
        <test-method status="PASS" signature="facebookTitleTest()[pri:0, instance:tests.FacebookHomePageTest@675d3402]" name="facebookTitleTest" duration-ms="21001" started-at="2021-06-16T11:30:25Z" finished-at="2021-06-16T11:30:46Z">
          <reporter-output>
          </reporter-output>
        </test-method> <!-- facebookTitleTest -->
        <test-method status="PASS" signature="quiteBrowser()[pri:0, instance:tests.FacebookHomePageTest@675d3402]" name="quiteBrowser" is-config="true" duration-ms="1" started-at="2021-06-16T11:30:46Z" finished-at="2021-06-16T11:30:46Z">
          <reporter-output>
          </reporter-output>
        </test-method> <!-- quiteBrowser -->
        <test-method status="PASS" signature="setUp()[pri:0, instance:tests.FacebookHomePageTest@675d3402]" name="setUp" is-config="true" duration-ms="1" started-at="2021-06-16T11:30:46Z" finished-at="2021-06-16T11:30:46Z">
          <reporter-output>
          </reporter-output>
        </test-method> <!-- setUp -->
        <test-method status="PASS" signature="facebookUrlTest()[pri:0, instance:tests.FacebookHomePageTest@675d3402]" name="facebookUrlTest" duration-ms="11" started-at="2021-06-16T11:30:46Z" finished-at="2021-06-16T11:30:46Z">
          <reporter-output>
          </reporter-output>
        </test-method> <!-- facebookUrlTest -->
        <test-method status="PASS" signature="quiteBrowser()[pri:0, instance:tests.FacebookHomePageTest@675d3402]" name="quiteBrowser" is-config="true" duration-ms="1" started-at="2021-06-16T11:30:46Z" finished-at="2021-06-16T11:30:46Z">
          <reporter-output>
          </reporter-output>
        </test-method> <!-- quiteBrowser -->
        <test-method status="PASS" signature="afterClass()[pri:0, instance:tests.FacebookHomePageTest@675d3402]" name="afterClass" is-config="true" duration-ms="0" started-at="2021-06-16T11:30:46Z" finished-at="2021-06-16T11:30:46Z">
          <reporter-output>
          </reporter-output>
        </test-method> <!-- afterClass -->
        <test-method status="PASS" signature="afterTest()[pri:0, instance:tests.FacebookHomePageTest@675d3402]" name="afterTest" is-config="true" duration-ms="4" started-at="2021-06-16T11:30:46Z" finished-at="2021-06-16T11:30:46Z">
          <reporter-output>
          </reporter-output>
        </test-method> <!-- afterTest -->
        <test-method status="PASS" signature="afterSuite()[pri:0, instance:tests.FacebookHomePageTest@675d3402]" name="afterSuite" is-config="true" duration-ms="0" started-at="2021-06-16T11:30:46Z" finished-at="2021-06-16T11:30:46Z">
          <reporter-output>
          </reporter-output>
        </test-method> <!-- afterSuite -->
      </class> <!-- tests.FacebookHomePageTest -->
    </test> <!-- Test -->
  </suite> <!-- Suite -->
</testng-results>
